Base path: /Applications/Unity/Unity.app/Contents
Cmd: initializeCompiler
Cmd: compileComputeKernel
  api=14 insize=2134 outsize=2129 ok=1
Cmd: translateComputeKernel
  api=14 insize=841 outsize=785 ok=1
Cmd: compileComputeKernel
  api=14 insize=1226 outsize=1357 ok=1
Cmd: compileComputeKernel
  api=14 insize=2863 outsize=48553 ok=1
Cmd: translateComputeKernel
  api=14 insize=48933 outsize=86117 ok=1
Cmd: compileComputeKernel
  api=14 insize=11176 outsize=11453 ok=1
Cmd: translateComputeKernel
  api=14 insize=11453 outsize=22669 ok=1
Cmd: compileComputeKernel
  api=14 insize=5022 outsize=10953 ok=1
Cmd: translateComputeKernel
  api=14 insize=5397 outsize=7573 ok=1
Cmd: compileComputeKernel
  api=14 insize=3532 outsize=3445 ok=1
Cmd: translateComputeKernel
  api=14 insize=3265 outsize=5361 ok=1
Cmd: compileComputeKernel
  api=14 insize=18731 outsize=9721 ok=1
Cmd: compileComputeKernel
  api=14 insize=18731 outsize=11321 ok=1
Cmd: translateComputeKernel
  api=14 insize=9721 outsize=16621 ok=1
Cmd: translateComputeKernel
  api=14 insize=9405 outsize=16205 ok=1
Cmd: translateComputeKernel
  api=14 insize=11797 outsize=25309 ok=1
Cmd: compileComputeKernel
  api=14 insize=2953 outsize=2021 ok=1
Cmd: translateComputeKernel
  api=14 insize=2021 outsize=3169 ok=1
Cmd: translateComputeKernel
  api=14 insize=2001 outsize=3541 ok=1
Cmd: compileComputeKernel
  api=14 insize=2120 outsize=1509 ok=1
Cmd: initializeCompiler
